[debug] [2024-05-17T12:58:29.350Z] ----------------------------------------------------------------------
[debug] [2024-05-17T12:58:29.351Z] Command:       /Users/vitalii.martyniak/.nvm/versions/node/v18.20.1/bin/node /Users/vitalii.martyniak/.nvm/versions/node/v18.20.1/bin/firebase deploy
[debug] [2024-05-17T12:58:29.351Z] CLI Version:   13.8.3
[debug] [2024-05-17T12:58:29.352Z] Platform:      darwin
[debug] [2024-05-17T12:58:29.352Z] Node Version:  v18.20.1
[debug] [2024-05-17T12:58:29.362Z] Time:          Fri May 17 2024 14:58:29 GMT+0200 (Central European Summer Time)
[debug] [2024-05-17T12:58:29.362Z] ----------------------------------------------------------------------
[debug] 
[debug] [2024-05-17T12:58:29.408Z] > command requires scopes: ["email","openid","https://www.googleapis.com/auth/cloudplatformprojects.readonly","https://www.googleapis.com/auth/firebase","https://www.googleapis.com/auth/cloud-platform"]
[debug] [2024-05-17T12:58:29.408Z] > authorizing via signed-in user (vitaliy7martynyak14@gmail.com)
[debug] [2024-05-17T12:58:29.408Z] [iam] checking project eduard-kvak-cv-a0208 for permissions ["firebase.projects.get","firebasehosting.sites.update"]
[debug] [2024-05-17T12:58:29.409Z] > refreshing access token with scopes: []
[debug] [2024-05-17T12:58:29.410Z] >>> [apiv2][query] POST https://www.googleapis.com/oauth2/v3/token [none]
[debug] [2024-05-17T12:58:29.410Z] >>> [apiv2][body] POST https://www.googleapis.com/oauth2/v3/token [omitted]
[debug] [2024-05-17T12:58:46.166Z] ----------------------------------------------------------------------
[debug] [2024-05-17T12:58:46.167Z] Command:       /Users/vitalii.martyniak/.nvm/versions/node/v18.20.1/bin/node /Users/vitalii.martyniak/.nvm/versions/node/v18.20.1/bin/firebase deploy
[debug] [2024-05-17T12:58:46.167Z] CLI Version:   13.8.3
[debug] [2024-05-17T12:58:46.168Z] Platform:      darwin
[debug] [2024-05-17T12:58:46.168Z] Node Version:  v18.20.1
[debug] [2024-05-17T12:58:46.171Z] Time:          Fri May 17 2024 14:58:46 GMT+0200 (Central European Summer Time)
[debug] [2024-05-17T12:58:46.171Z] ----------------------------------------------------------------------
[debug] 
[debug] [2024-05-17T12:58:46.209Z] > command requires scopes: ["email","openid","https://www.googleapis.com/auth/cloudplatformprojects.readonly","https://www.googleapis.com/auth/firebase","https://www.googleapis.com/auth/cloud-platform"]
[debug] [2024-05-17T12:58:46.209Z] > authorizing via signed-in user (vitaliy7martynyak14@gmail.com)
[debug] [2024-05-17T12:58:46.209Z] [iam] checking project eduard-kvak-cv-a0208 for permissions ["firebase.projects.get","firebasehosting.sites.update"]
[debug] [2024-05-17T12:58:46.210Z] > refreshing access token with scopes: []
[debug] [2024-05-17T12:58:46.211Z] >>> [apiv2][query] POST https://www.googleapis.com/oauth2/v3/token [none]
[debug] [2024-05-17T12:58:46.211Z] >>> [apiv2][body] POST https://www.googleapis.com/oauth2/v3/token [omitted]
